<?xml version="1.0" encoding="UTF-8"?>
<!-- Generated by org.testng.reporters.JUnitReportReporter -->
<testsuite hostname="microsof-700290" name="pack_test.TestCount" tests="1" failures="0" timestamp="16 Dec 2012 17:40:33 GMT" time="366.500" errors="0">
  <testcase name="TestStart" time="366.500" classname="pack_test.TestCount"/>
</testsuite> <!-- pack_test.TestCount -->
